
Database selected.


Disconnected.


Connected.


Database selected.


Isolation level set.


Temporary table created.


Index created.


0 row(s) unloaded.


0 row(s) loaded.


1 row(s) unloaded.


Disconnected.

BTEQ 16.20.00.07 (32-bit) Tue Apr 11 18:02:50 2023 PID: 57475508
 
+---------+---------+---------+---------+---------+---------+---------+----

.SESSIONS 4
+---------+---------+---------+---------+---------+---------+---------+----
LOGON tdtp01s2/usr_carga_desa,

 *** Logon successfully completed.
 *** 4 Sessions logged on.
 *** Teradata Database Release is 16.20.53.55                   
 *** Teradata Database Version is 16.20.53.55                     
 *** Transaction Semantics are BTET.
 *** Session Character Set Name is 'ASCII'.
 
 *** Total elapsed time was 1 second.
 
+---------+---------+---------+---------+---------+---------+---------+----

DATABASE BDDWEDQD;

 *** Ok, Session 4630912, Request 3, Statement# 1
 *** New default database accepted. 
 *** Total elapsed time was 1 second.


+---------+---------+---------+---------+---------+---------+---------+----

   .SET DEFAULTS
+---------+---------+---------+---------+---------+---------+---------+----
    .SET TITLEDASHES OFF
+---------+---------+---------+---------+---------+---------+---------+----
    .SET WIDTH 32000
+---------+---------+---------+---------+---------+---------+---------+---------+---------+---------+---------+---------+---------+-


SEL CURRENT_TIMESTAMP;

 *** Ok, Session 4630912, Request 4, Statement# 1
 *** Query completed. One row found. One column returned. 
 *** Total elapsed time was 1 second.

            Current TimeStamp(6)
2023-04-11 17:39:19.040000-05:00

+---------+---------+---------+---------+---------+---------+---------+---------+---------+---------+---------+---------+---------+-


SELECT 1 FROM  dbc.TablesV WHERE databasename = 'BDDWESTGD' AND TableName = 'tmp093168_kpigr35_origendestino';

 *** Ok, Session 4630912, Request 5, Statement# 1
 *** Query completed. One row found. One column returned. 
 *** Total elapsed time was 1 second.

   1
   1

+---------+---------+---------+---------+---------+---------+---------+---------+---------+---------+---------+---------+---------+-
.IF activitycount = 0 THEN .GOTO ok
+---------+---------+---------+---------+---------+---------+---------+---------+---------+---------+---------+---------+---------+-
DROP TABLE BDDWESTGD.tmp093168_kpigr35_origendestino;

 *** Ok, Session 4630912, Request 6, Statement# 1
 *** Table has been dropped. 
 *** Total elapsed time was 1 second.


+---------+---------+---------+---------+---------+---------+---------+---------+---------+---------+---------+---------+---------+-
.IF ERRORCODE <> 0 THEN .GOTO error_shell;
+---------+---------+---------+---------+---------+---------+---------+---------+---------+---------+---------+---------+---------+-
.label ok;
+---------+---------+---------+---------+---------+---------+---------+---------+---------+---------+---------+---------+---------+-


CREATE MULTISET TABLE BDDWESTGD.tmp093168_kpigr35_origendestino
(
cnt_origen   varchar(20),
cnt_destino  varchar(20)
) NO PRIMARY INDEX;

 *** Ok, Session 4630912, Request 7, Statement# 1
 *** Table has been created. 
 *** Total elapsed time was 1 second.


+---------+---------+---------+---------+---------+---------+---------+---------+---------+---------+---------+---------+---------+-

.IF ERRORCODE <> 0 THEN .GOTO error_shell;
+---------+---------+---------+---------+---------+---------+---------+---------+---------+---------+---------+---------+---------+-

.IMPORT VARTEXT '|'  FILE = '/work1/teradata/log/093168/tmp093168_K035012022_t4533logfepack.unl'
+---------+---------+---------+---------+---------+---------+---------+---------+---------+---------+---------+---------+---------+-
.QUIET ON
 *** Use '.QUIET OFF' to resume output.
+---------+---------+---------+---------+---------+---------+---------+---------+---------+---------+---------+---------+---------+-
.REPEAT *
+---------+---------+---------+---------+---------+---------+---------+---------+---------+---------+---------+---------+---------+-
USING 
(
cnt_origen    varchar(20),
cnt_destino   varchar(20)
)
INSERT INTO  BDDWESTGD.tmp093168_kpigr35_origendestino VALUES
(
:cnt_origen,
:cnt_destino
);
 *** Starting record 1 at Tue Apr 11 18:02:51 2023
 
 *** Warning: Out of data. 
 *** Finished at record 1 at Tue Apr 11 18:02:51 2023
 *** Total number of statements: 1,  Accepted : 1,  Rejected : 0 
 
 *** Total elapsed time was 1 second.
 
+---------+---------+---------+---------+---------+---------+---------+---------+---------+---------+---------+---------+---------+-

.IF ERRORCODE <> 0 THEN .GOTO error_shell;
+---------+---------+---------+---------+---------+---------+---------+---------+---------+---------+---------+---------+---------+-

.QUIET OFF;
+---------+---------+---------+---------+---------+---------+---------+---------+---------+---------+---------+---------+---------+-


SEL CURRENT_TIMESTAMP;

 *** Ok, Session 4630912, Request 9, Statement# 1
 *** Query completed. One row found. One column returned. 
 *** Total elapsed time was 1 second.

            Current TimeStamp(6)
2023-04-11 17:39:19.560000-05:00

+---------+---------+---------+---------+---------+---------+---------+---------+---------+---------+---------+---------+---------+-

/*========================================================================================= */
/**********************************Cantidad CPE Baja Teradata  ******************************/
/*========================================================================================= */

/****************************************************************************/
/********************INSERT EN TABLA FINAL***********************************/
    
    DELETE FROM BDDWEDQD.T11908DETKPITRIBINT 
    WHERE COD_KPI='K035012022'  AND FEC_CARGA=CURRENT_DATE;

 *** Ok, Session 4630912, Request 10, Statement# 1
 *** Delete completed. No rows removed. 
 *** Total elapsed time was 1 second.


+---------+---------+---------+---------+---------+---------+---------+---------+---------+---------+---------+---------+---------+-
    
    .IF ERRORCODE <> 0 THEN .GOTO error_shell;
+---------+---------+---------+---------+---------+---------+---------+---------+---------+---------+---------+---------+---------+-
    
    INSERT INTO BDDWEDQD.T11908DETKPITRIBINT 
    (COD_PER,IND_PRESDJ,COD_KPI,FEC_CARGA,CNT_REGORIGEN,CNT_REGIDESTINO)--,IND_INCUNIV,CNT_REGDIF_OD,CNT_REGDIF_DO,CNT_REGCOINC)
    SELECT 
        '2022',
        99,
        'K035012022',
        CURRENT_DATE,
        (select sum(cnt_origen)  from BDDWESTGD.tmp093168_kpigr35_origendestino),---denominador
        (select sum(cnt_destino) from BDDWESTGD.tmp093168_kpigr35_origendestino)--numerador
    ;

 *** Ok, Session 4630912, Request 11, Statement# 1
 *** Insert completed. One row added. 
 *** Total elapsed time was 1 second.


+---------+---------+---------+---------+---------+---------+---------+---------+---------+---------+---------+---------+---------+-

    .IF ERRORCODE <> 0 THEN .GOTO error_shell;
+---------+---------+---------+---------+---------+---------+---------+---------+---------+---------+---------+---------+---------+-

/********************************************************************************/

SEL CURRENT_TIMESTAMP;

 *** Ok, Session 4630912, Request 12, Statement# 1
 *** Query completed. One row found. One column returned. 
 *** Total elapsed time was 1 second.

            Current TimeStamp(6)
2023-04-11 17:39:19.870000-05:00

+---------+---------+---------+---------+---------+---------+---------+---------+---------+---------+---------+---------+---------+-

    
LOGOFF;
 *** You are now logged off from the DBC.
+---------+---------+---------+---------+---------+---------+---------+---------+---------+---------+---------+---------+---------+-
QUIT 0;
 *** Exiting BTEQ...
 *** RC (return code) = 0 
  ***********************************************
  ***  J093168_KPIGRP035   ***
  ***            TERMINO PROCESO OK           ***
  ***********************************************
