BTEQ 16.20.00.07 (32-bit) Tue Apr 11 18:02:58 2023 PID: 54198530
 
+---------+---------+---------+---------+---------+---------+---------+----

LOGON tdtp01s2/usr_carga_desa,

 *** Logon successfully completed.
 *** Teradata Database Release is 16.20.53.55                   
 *** Teradata Database Version is 16.20.53.55                     
 *** Transaction Semantics are BTET.
 *** Session Character Set Name is 'ASCII'.
 
 *** Total elapsed time was 1 second.
 
+---------+---------+---------+---------+---------+---------+---------+----

DATABASE BDDWEDQD;

 *** New default database accepted. 
 *** Total elapsed time was 1 second.


+---------+---------+---------+---------+---------+---------+---------+----

.SET FORMAT OFF;
+---------+---------+---------+---------+---------+---------+---------+----
.SET WIDTH 32000;
+---------+---------+---------+---------+---------+---------+---------+---------+---------+---------+---------+---------+---------+-
.SET SEPARATOR '|';
+---------+---------+---------+---------+---------+---------+---------+---------+---------+---------+---------+---------+---------+-
.SET TITLEDASHES OFF;
+---------+---------+---------+---------+---------+---------+---------+---------+---------+---------+---------+---------+---------+-

SEL CURRENT_TIMESTAMP;

 *** Query completed. One row found. One column returned. 
 *** Total elapsed time was 1 second.

            Current TimeStamp(6)
2023-04-11 17:39:26.150000-05:00

+---------+---------+---------+---------+---------+---------+---------+---------+---------+---------+---------+---------+---------+-

/*========================================================================================= */
/**********************************Cantidad CIC Total   *************************************/
/*========================================================================================= */

SELECT 1 FROM  dbc.TablesV WHERE databasename = 'BDDWESTGD' AND TableName = 'tmp093168_kpigr30_universocic';

 *** Query completed. One row found. One column returned. 
 *** Total elapsed time was 1 second.

   1
   1

+---------+---------+---------+---------+---------+---------+---------+---------+---------+---------+---------+---------+---------+-
.IF activitycount = 0 THEN .GOTO ok
+---------+---------+---------+---------+---------+---------+---------+---------+---------+---------+---------+---------+---------+-

DROP TABLE BDDWESTGD.tmp093168_kpigr30_universocic;

 *** Table has been dropped. 
 *** Total elapsed time was 1 second.


+---------+---------+---------+---------+---------+---------+---------+---------+---------+---------+---------+---------+---------+-
.IF ERRORCODE <> 0 THEN .GOTO error_shell;
+---------+---------+---------+---------+---------+---------+---------+---------+---------+---------+---------+---------+---------+-

.label ok;
+---------+---------+---------+---------+---------+---------+---------+---------+---------+---------+---------+---------+---------+-
CREATE MULTISET TABLE BDDWESTGD.tmp093168_kpigr30_universocic AS (
select cod_fuente,cod_tipidenti,num_docidenti,fec_finvig,fec_inivig,cod_cic
,des_apepat,des_apemat,des_nompri,des_nomrazsoc,fec_nacimiento
from desa_dwh_data.t2017identif
where fec_finvig=2000101
) WITH DATA NO PRIMARY INDEX;

 *** Table has been created. 
 *** Total elapsed time was 9 seconds.


+---------+---------+---------+---------+---------+---------+---------+---------+---------+---------+---------+---------+---------+-



SELECT 1 FROM  dbc.TablesV WHERE databasename = 'BDDWESTGD' AND TableName = 'tmp093168_kpigr30_detcic_full';

 *** Query completed. No rows found. 
 *** Total elapsed time was 1 second.


+---------+---------+---------+---------+---------+---------+---------+---------+---------+---------+---------+---------+---------+-
.IF activitycount = 0 THEN .GOTO ok
.GOTO ok
+---------+---------+---------+---------+---------+---------+---------+---------+---------+---------+---------+---------+---------+-

DROP TABLE BDDWESTGD.tmp093168_kpigr30_detcic_full;
 *** Skipped.
+---------+---------+---------+---------+---------+---------+---------+---------+---------+---------+---------+---------+---------+-
.IF ERRORCODE <> 0 THEN .GOTO error_shell;
 *** Skipped.
+---------+---------+---------+---------+---------+---------+---------+---------+---------+---------+---------+---------+---------+-

.label ok;
+---------+---------+---------+---------+---------+---------+---------+---------+---------+---------+---------+---------+---------+-
CREATE MULTISET TABLE BDDWESTGD.tmp093168_kpigr30_detcic_full
AS
(

    with tmp093168_kpigr30_detcic_total as
    (
     select distinct cod_cic, des_nomrazsoc, fec_nacimiento
     from BDDWESTGD.tmp093168_kpigr30_universocic
    ), tmp093168_kpigr30_group_desrazsoc as
    (
        select des_nomrazsoc, fec_nacimiento,count(*) as cant
        from tmp093168_kpigr30_detcic_total
        group by 1,2
        having cant>1
    ), tmp093168_kpigr30_group_cic as
    (
        select cod_cic,count(*) as cant
        from tmp093168_kpigr30_detcic_total
        group by 1
        having cant>1
    ) 
    select x0.*,
           case when x1.des_nomrazsoc is not null then 1
                 when x2.cod_cic is not null then 1
            else 0 end flag_error
    from   BDDWESTGD.tmp093168_kpigr30_universocic x0
    left join tmp093168_kpigr30_group_desrazsoc x1 on  x0.des_nomrazsoc=x1.des_nomrazsoc and x0.fec_nacimiento=x1.fec_nacimiento
    left join tmp093168_kpigr30_group_cic x2 on x0.cod_cic=x2.cod_cic
) WITH DATA NO PRIMARY INDEX;

 *** Table has been created. 
 *** Total elapsed time was 16 seconds.


+---------+---------+---------+---------+---------+---------+---------+---------+---------+---------+---------+---------+---------+-

/*=============================================================================*/
/***********************Genera Detalle de Diferencias**************************/
/*=============================================================================*/   


SELECT 1 FROM  dbc.TablesV WHERE databasename = 'BDDWESTGD' AND TableName = 'tmp093168_dif_K030012022';

 *** Query completed. One row found. One column returned. 
 *** Total elapsed time was 1 second.

   1
   1

+---------+---------+---------+---------+---------+---------+---------+---------+---------+---------+---------+---------+---------+-
.IF activitycount = 0 THEN .GOTO ok
+---------+---------+---------+---------+---------+---------+---------+---------+---------+---------+---------+---------+---------+-

DROP TABLE BDDWESTGD.tmp093168_dif_K030012022    ;

 *** Table has been dropped. 
 *** Total elapsed time was 1 second.


+---------+---------+---------+---------+---------+---------+---------+---------+---------+---------+---------+---------+---------+-
.IF ERRORCODE <> 0 THEN .GOTO error_shell;
+---------+---------+---------+---------+---------+---------+---------+---------+---------+---------+---------+---------+---------+-

.label ok;
+---------+---------+---------+---------+---------+---------+---------+---------+---------+---------+---------+---------+---------+-

 CREATE MULTISET TABLE BDDWESTGD.tmp093168_dif_K030012022 AS (
    SELECT *
    FROM BDDWESTGD.tmp093168_kpigr30_detcic_full
    WHERE flag_error=1
 )  WITH DATA NO PRIMARY INDEX;

 *** Table has been created. 
 *** Total elapsed time was 1 second.


+---------+---------+---------+---------+---------+---------+---------+---------+---------+---------+---------+---------+---------+-

 .IF ERRORCODE <> 0 THEN .GOTO error_shell;
+---------+---------+---------+---------+---------+---------+---------+---------+---------+---------+---------+---------+---------+-


/****************************************************************************/
/********************INSERT EN TABLA FINAL***********************************/
    
    DELETE FROM BDDWEDQD.T11908DETKPITRIBINT 
    WHERE COD_KPI='K030012022'  AND FEC_CARGA=CURRENT_DATE;

 *** Delete completed. No rows removed. 
 *** Total elapsed time was 1 second.


+---------+---------+---------+---------+---------+---------+---------+---------+---------+---------+---------+---------+---------+-
    
    .IF ERRORCODE <> 0 THEN .GOTO error_shell;
+---------+---------+---------+---------+---------+---------+---------+---------+---------+---------+---------+---------+---------+-
    
    INSERT INTO BDDWEDQD.T11908DETKPITRIBINT 
    (COD_PER,IND_PRESDJ,COD_KPI,FEC_CARGA,CNT_REGORIGEN,CNT_REGIDESTINO,IND_INCUNIV,CNT_REGDIF_OD,CNT_REGDIF_DO,CNT_REGCOINC)
    SELECT 
        '2022',
        99,
        'K030012022',
        CURRENT_DATE,
        (select count(*) from BDDWESTGD.tmp093168_kpigr30_detcic_full),---denominador
        (select count(*) from BDDWESTGD.tmp093168_kpigr30_detcic_full where flag_error=0),--numerador
        case when ((select count(*) from BDDWESTGD.tmp093168_dif_K030012022)=0 and
                   (select count(*) from BDDWESTGD.tmp093168_kpigr30_detcic_full)<>0)
        then 1 else 0 end,
        (select count(*) from  BDDWESTGD.tmp093168_dif_K030012022),
         0,
        (select count(*) from BDDWESTGD.tmp093168_kpigr30_detcic_full where flag_error=0)
    ;

 *** Insert completed. One row added. 
 *** Total elapsed time was 1 second.


+---------+---------+---------+---------+---------+---------+---------+---------+---------+---------+---------+---------+---------+-

    .IF ERRORCODE <> 0 THEN .GOTO error_shell;
+---------+---------+---------+---------+---------+---------+---------+---------+---------+---------+---------+---------+---------+-

/*******************************************************************************/

 .EXPORT FILE /work1/teradata/dat/093168/DIF_K030012022_20230411.unl;
 *** Warning: No data format given. Assuming REPORT carries over.
 *** To reset export, type .EXPORT RESET
+---------+---------+---------+---------+---------+---------+---------+---------+---------+---------+---------+---------+---------+-

 LOCK ROW FOR ACCESS
 SELECT * FROM BDDWESTGD.tmp093168_dif_K030012022 
 ORDER BY cod_cic;

 *** Query completed. 1051248 rows found. 12 columns returned. 
 *** Total elapsed time was 1 second.


+---------+---------+---------+---------+---------+---------+---------+---------+---------+---------+---------+---------+---------+-

 .IF ERRORCODE <> 0 THEN .GOTO error_shell;
+---------+---------+---------+---------+---------+---------+---------+---------+---------+---------+---------+---------+---------+-

 .EXPORT RESET;
 *** Output returned to console.
+---------+---------+---------+---------+---------+---------+---------+---------+---------+---------+---------+---------+---------+-

/********************************************************************************/

 DROP TABLE BDDWESTGD.tmp093168_kpigr30_detcic_full;

 *** Table has been dropped. 
 *** Total elapsed time was 1 second.


+---------+---------+---------+---------+---------+---------+---------+---------+---------+---------+---------+---------+---------+-

SEL CURRENT_TIMESTAMP;

 *** Query completed. One row found. One column returned. 
 *** Total elapsed time was 1 second.

            Current TimeStamp(6)
2023-04-11 17:40:45.580000-05:00

+---------+---------+---------+---------+---------+---------+---------+---------+---------+---------+---------+---------+---------+-

    
LOGOFF;
 *** You are now logged off from the DBC.
+---------+---------+---------+---------+---------+---------+---------+---------+---------+---------+---------+---------+---------+-
QUIT 0;
 *** Exiting BTEQ...
 *** RC (return code) = 0 
  ***********************************************
  ***  J093168_KPIGRP030   ***
  ***            TERMINO PROCESO OK           ***
  ***********************************************
