BTEQ 16.20.00.07 (32-bit) Tue Dec 27 17:47:43 2022 PID: 34144628
 
+---------+---------+---------+---------+---------+---------+---------+----

LOGON tdtp01s2/usr_carga_desa,

 *** Logon successfully completed.
 *** Teradata Database Release is 16.20.53.55                   
 *** Teradata Database Version is 16.20.53.55                     
 *** Transaction Semantics are BTET.
 *** Session Character Set Name is 'ASCII'.
 
 *** Total elapsed time was 1 second.
 
+---------+---------+---------+---------+---------+---------+---------+----

DATABASE BDDWEDQD;

 *** New default database accepted. 
 *** Total elapsed time was 1 second.


+---------+---------+---------+---------+---------+---------+---------+----

.SET FORMAT OFF;
+---------+---------+---------+---------+---------+---------+---------+----
.SET WIDTH 32000;
+---------+---------+---------+---------+---------+---------+---------+---------+---------+---------+---------+---------+---------+-
.SET SEPARATOR '|';
+---------+---------+---------+---------+---------+---------+---------+---------+---------+---------+---------+---------+---------+-
.SET TITLEDASHES OFF;
+---------+---------+---------+---------+---------+---------+---------+---------+---------+---------+---------+---------+---------+-

SEL CURRENT_TIMESTAMP;

 *** Query completed. One row found. One column returned. 
 *** Total elapsed time was 1 second.

            Current TimeStamp(6)
2022-12-27 17:36:29.440000-05:00

+---------+---------+---------+---------+---------+---------+---------+---------+---------+---------+---------+---------+---------+-

/*========================================================================================= */
/**********************************TRANSACCIONALES******************************************/
/*========================================================================================= */

------------Genera Detalle Transaccional-------------------------------


SELECT 1 FROM  dbc.TablesV WHERE databasename = 'BDDWESTGD' AND TableName = 'tmp093168_kpi14_detcpeobs_tr';

 *** Query completed. No rows found. 
 *** Total elapsed time was 1 second.


+---------+---------+---------+---------+---------+---------+---------+---------+---------+---------+---------+---------+---------+-
.IF activitycount = 0 THEN .GOTO ok
.GOTO ok
+---------+---------+---------+---------+---------+---------+---------+---------+---------+---------+---------+---------+---------+-

DROP TABLE BDDWESTGD.tmp093168_kpi14_detcpeobs_tr;
 *** Skipped.
+---------+---------+---------+---------+---------+---------+---------+---------+---------+---------+---------+---------+---------+-

.IF ERRORCODE <> 0 THEN .GOTO error_shell;
 *** Skipped.
+---------+---------+---------+---------+---------+---------+---------+---------+---------+---------+---------+---------+---------+-

.label ok;
+---------+---------+---------+---------+---------+---------+---------+---------+---------+---------+---------+---------+---------+-


CREATE MULTISET TABLE BDDWESTGD.tmp093168_kpi14_detcpeobs_tr as
(
 SELECT 
  DISTINCT 
  TRIM(x0.num_ruc) as num_ruc,
  coalesce(x2.ind_presdj,0) as ind_presdj,
  x0.ann_ejercicio,
  TRIM(x0.num_ruc_emisor) as num_ruc_emisor,
  TRIM(x0.cod_tip_doc) as cod_tip_doc,
  TRIM(x0.ser_doc) as ser_doc,
  TRIM(x0.num_doc) as num_doc
 FROM BDDWESTGD.t8157cpgastoobserv x0
 LEFT JOIN BDDWESTGD.ddp x1 ON x0.num_ruc_emisor = x1.ddp_numruc
 LEFT JOIN BDDWESTGD.tmp093168_kpiperindj x2 ON x0.num_ruc=x2.num_ruc
 WHERE x0.ann_ejercicio = '2022' 
 AND x0.ind_tip_gasto = '05' 
 AND x0.fec_pago >= CAST('2022-01-01' AS DATE FORMAT 'YYYY-MM-DD') 
 AND x0.fec_pago <= CAST('2022-12-31' AS DATE FORMAT 'YYYY-MM-DD')
 AND x0.ind_inconsistencia <> 'I1'
) WITH DATA NO PRIMARY INDEX;

 *** Table has been created. 
 *** Total elapsed time was 1 second.


+---------+---------+---------+---------+---------+---------+---------+---------+---------+---------+---------+---------+---------+-

.IF ERRORCODE <> 0 THEN .GOTO error_shell;
+---------+---------+---------+---------+---------+---------+---------+---------+---------+---------+---------+---------+---------+-



/***************************FVIRTUAL**************************************************/

------ Genera Detalle de COMPROBANTES OBSERVADOS en FVIRTUAL-------------------

SELECT 1 FROM  dbc.TablesV WHERE databasename = 'BDDWESTGD' AND TableName = 'tmp093168_kpi14_detcpeobs_fv';

 *** Query completed. No rows found. 
 *** Total elapsed time was 1 second.


+---------+---------+---------+---------+---------+---------+---------+---------+---------+---------+---------+---------+---------+-
.IF activitycount = 0 THEN .GOTO ok
.GOTO ok
+---------+---------+---------+---------+---------+---------+---------+---------+---------+---------+---------+---------+---------+-

DROP TABLE BDDWESTGD.tmp093168_kpi14_detcpeobs_fv;
 *** Skipped.
+---------+---------+---------+---------+---------+---------+---------+---------+---------+---------+---------+---------+---------+-

.IF ERRORCODE <> 0 THEN .GOTO error_shell;
 *** Skipped.
+---------+---------+---------+---------+---------+---------+---------+---------+---------+---------+---------+---------+---------+-

.label ok;
+---------+---------+---------+---------+---------+---------+---------+---------+---------+---------+---------+---------+---------+-

CREATE MULTISET TABLE BDDWESTGD.tmp093168_kpi14_detcpeobs_fv
AS
(
 SELECT
  DISTINCT 
        extract(year from fec_comprob) as ann_ejercicio,
  TRIM(a.num_ruc) as num_ruc,
  b.ind_presdj,
  TRIM(a.num_doc_emisor) as num_doc_emisor,
  TRIM(a.cod_tip_comprob) as cod_tip_comprob ,
  TRIM(a.num_serie) as num_serie,
  TRIM(a.num_comprob)  as num_comprob
 FROM BDDWESTGD.t12734cas514det a
 INNER JOIN BDDWESTGD.tmp093168_kpiperindj b ON a.num_sec = b.num_sec 
 WHERE a.cod_tip_gasto = '05'
 AND a.ind_est_archpers = '0'  -- OBSERVADO
 AND a.ind_inconsistencia <> 'I1'
 AND a.fec_comprob >= CAST('2022-01-01' AS DATE FORMAT 'YYYY-MM-DD')
 AND a.fec_comprob <= CAST('2022-12-31' AS DATE FORMAT 'YYYY-MM-DD')
 AND a.des_inconsistencia <> ' '
) WITH DATA NO PRIMARY INDEX;

 *** Table has been created. 
 *** Total elapsed time was 1 second.


+---------+---------+---------+---------+---------+---------+---------+---------+---------+---------+---------+---------+---------+-

.IF ERRORCODE <> 0 THEN .GOTO error_shell;
+---------+---------+---------+---------+---------+---------+---------+---------+---------+---------+---------+---------+---------+-

/************************MONGO DB*****************************************************/

------ Genera Detalle de COMPROBANTES OBSERVADOS en MONGODB-------------------

SELECT 1 FROM  dbc.TablesV WHERE databasename = 'BDDWESTGD' AND TableName = 'tmp093168_kpi14_detcpeobs_mdb';

 *** Query completed. No rows found. 
 *** Total elapsed time was 1 second.


+---------+---------+---------+---------+---------+---------+---------+---------+---------+---------+---------+---------+---------+-
.IF activitycount = 0 THEN .GOTO ok
.GOTO ok
+---------+---------+---------+---------+---------+---------+---------+---------+---------+---------+---------+---------+---------+-

DROP TABLE BDDWESTGD.tmp093168_kpi14_detcpeobs_mdb;
 *** Skipped.
+---------+---------+---------+---------+---------+---------+---------+---------+---------+---------+---------+---------+---------+-

.IF ERRORCODE <> 0 THEN .GOTO error_shell;
 *** Skipped.
+---------+---------+---------+---------+---------+---------+---------+---------+---------+---------+---------+---------+---------+-

.label ok;
+---------+---------+---------+---------+---------+---------+---------+---------+---------+---------+---------+---------+---------+-

CREATE MULTISET TABLE BDDWESTGD.tmp093168_kpi14_detcpeobs_mdb
AS
(
SELECT DISTINCT 
        extract(year from fec_comprob) as ann_ejercicio,
  TRIM(a.num_ruc) as num_ruc,
  b.ind_presdj,
  TRIM(a.num_doc_emisor) as num_doc_emisor,
  TRIM(a.cod_tip_comprob) as cod_tip_comprob ,
  TRIM(a.num_serie) as num_serie,
  TRIM(a.num_comprob)  as num_comprob
FROM BDDWESTGD.t12734cas514det_mongodb a
INNER JOIN BDDWESTGD.tmp093168_kpiperindj b ON a.num_sec = b.num_sec 
WHERE a.cod_tip_gasto = '05'
AND a.ind_est_archpers = '0'  -- OBSERVADO
AND a.ind_inconsistencia <> 'I1'
AND a.fec_comprob >= CAST('2022-01-01' AS DATE FORMAT 'YYYY-MM-DD')
AND a.fec_comprob <= CAST('2022-12-31' AS DATE FORMAT 'YYYY-MM-DD')
AND a.des_inconsistencia <> ' '
) WITH DATA NO PRIMARY INDEX;

 *** Table has been created. 
 *** Total elapsed time was 1 second.


+---------+---------+---------+---------+---------+---------+---------+---------+---------+---------+---------+---------+---------+-

.IF ERRORCODE <> 0 THEN .GOTO error_shell;
+---------+---------+---------+---------+---------+---------+---------+---------+---------+---------+---------+---------+---------+-

/*************************************************************************************/
/*************************************************************************************/
/*======================================================================================*/
/************************Conteo para insercion en DETKPI ********************************/

---------1. Conteo transaccional

SELECT 1 FROM  dbc.TablesV WHERE databasename = 'BDDWESTGD' AND TableName = 'tmp093168_kpigr14_obs_cnorigen';

 *** Query completed. One row found. One column returned. 
 *** Total elapsed time was 1 second.

   1
   1

+---------+---------+---------+---------+---------+---------+---------+---------+---------+---------+---------+---------+---------+-
.IF activitycount = 0 THEN .GOTO ok
+---------+---------+---------+---------+---------+---------+---------+---------+---------+---------+---------+---------+---------+-

DROP TABLE BDDWESTGD.tmp093168_kpigr14_obs_cnorigen;

 *** Table has been dropped. 
 *** Total elapsed time was 1 second.


+---------+---------+---------+---------+---------+---------+---------+---------+---------+---------+---------+---------+---------+-
.IF ERRORCODE <> 0 THEN .GOTO error_shell;
+---------+---------+---------+---------+---------+---------+---------+---------+---------+---------+---------+---------+---------+-

.label ok;
+---------+---------+---------+---------+---------+---------+---------+---------+---------+---------+---------+---------+---------+-

CREATE MULTISET TABLE BDDWESTGD.tmp093168_kpigr14_obs_cnorigen AS
(
 SELECT ind_presdj,count(num_doc) as cant_comp_origen
 FROM BDDWESTGD.tmp093168_kpi14_detcpeobs_tr
 GROUP BY 1
) WITH DATA NO PRIMARY INDEX;

 *** Table has been created. 
 *** Total elapsed time was 1 second.


+---------+---------+---------+---------+---------+---------+---------+---------+---------+---------+---------+---------+---------+-

.IF ERRORCODE <> 0 THEN .GOTO error_shell;
+---------+---------+---------+---------+---------+---------+---------+---------+---------+---------+---------+---------+---------+-

---------2. Conteo en FVirtual

SELECT 1 FROM  dbc.TablesV WHERE databasename = 'BDDWESTGD' AND TableName = 'tmp093168_kpigr14_obs_cndestino1';

 *** Query completed. One row found. One column returned. 
 *** Total elapsed time was 1 second.

   1
   1

+---------+---------+---------+---------+---------+---------+---------+---------+---------+---------+---------+---------+---------+-
.IF activitycount = 0 THEN .GOTO ok
+---------+---------+---------+---------+---------+---------+---------+---------+---------+---------+---------+---------+---------+-

DROP TABLE BDDWESTGD.tmp093168_kpigr14_obs_cndestino1;

 *** Table has been dropped. 
 *** Total elapsed time was 1 second.


+---------+---------+---------+---------+---------+---------+---------+---------+---------+---------+---------+---------+---------+-
.IF ERRORCODE <> 0 THEN .GOTO error_shell;
+---------+---------+---------+---------+---------+---------+---------+---------+---------+---------+---------+---------+---------+-

.label ok;
+---------+---------+---------+---------+---------+---------+---------+---------+---------+---------+---------+---------+---------+-

CREATE MULTISET TABLE BDDWESTGD.tmp093168_kpigr14_obs_cndestino1 AS
(
 SELECT ind_presdj,count(num_comprob) as cant_comp_destino1
 FROM BDDWESTGD.tmp093168_kpi14_detcpeobs_fv
 GROUP BY 1
) WITH DATA NO PRIMARY INDEX;

 *** Table has been created. 
 *** Total elapsed time was 1 second.


+---------+---------+---------+---------+---------+---------+---------+---------+---------+---------+---------+---------+---------+-

.IF ERRORCODE <> 0 THEN .GOTO error_shell;
+---------+---------+---------+---------+---------+---------+---------+---------+---------+---------+---------+---------+---------+-

--------3 Conteo en MongoDB

SELECT 1 FROM  dbc.TablesV WHERE databasename = 'BDDWESTGD' AND TableName = 'tmp093168_kpigr14_obs_cndestino2';

 *** Query completed. One row found. One column returned. 
 *** Total elapsed time was 1 second.

   1
   1

+---------+---------+---------+---------+---------+---------+---------+---------+---------+---------+---------+---------+---------+-
.IF activitycount = 0 THEN .GOTO ok
+---------+---------+---------+---------+---------+---------+---------+---------+---------+---------+---------+---------+---------+-

DROP TABLE BDDWESTGD.tmp093168_kpigr14_obs_cndestino2;

 *** Table has been dropped. 
 *** Total elapsed time was 1 second.


+---------+---------+---------+---------+---------+---------+---------+---------+---------+---------+---------+---------+---------+-
.IF ERRORCODE <> 0 THEN .GOTO error_shell;
+---------+---------+---------+---------+---------+---------+---------+---------+---------+---------+---------+---------+---------+-

.label ok;
+---------+---------+---------+---------+---------+---------+---------+---------+---------+---------+---------+---------+---------+-

CREATE MULTISET TABLE BDDWESTGD.tmp093168_kpigr14_obs_cndestino2 AS
(
 SELECT ind_presdj,count(num_comprob) as cant_comp_destino2
 FROM BDDWESTGD.tmp093168_kpi14_detcpeobs_mdb
 GROUP BY 1
) WITH DATA NO PRIMARY INDEX;

 *** Table has been created. 
 *** Total elapsed time was 1 second.


+---------+---------+---------+---------+---------+---------+---------+---------+---------+---------+---------+---------+---------+-

.IF ERRORCODE <> 0 THEN .GOTO error_shell;
+---------+---------+---------+---------+---------+---------+---------+---------+---------+---------+---------+---------+---------+-


/********************INSERT EN TABLA FINAL***********************************/
    
    DELETE FROM BDDWEDQD.T11908DETKPITRIBINT 
    WHERE COD_KPI='K014032022'  AND FEC_CARGA=CURRENT_DATE;

 *** Delete completed. No rows removed. 
 *** Total elapsed time was 1 second.


+---------+---------+---------+---------+---------+---------+---------+---------+---------+---------+---------+---------+---------+-
    
    .IF ERRORCODE <> 0 THEN .GOTO error_shell;
+---------+---------+---------+---------+---------+---------+---------+---------+---------+---------+---------+---------+---------+-
    
 INSERT INTO BDDWEDQD.T11908DETKPITRIBINT 
 (COD_PER,IND_PRESDJ,COD_KPI,FEC_CARGA,CNT_REGORIGEN,CNT_REGIDESTINO)
 SELECT '2022',
         z.ind_presdj,
        'K014032022' ,
         CURRENT_DATE,
         SUM(z.cant_origen),
         SUM(z.cant_destino)
 FROM
  (
   SELECT 
          x0.ind_presdj,
          x0.cant_comp_origen as cant_origen,
          coalesce(x1.cant_comp_destino1,0) as cant_destino
   FROM BDDWESTGD.tmp093168_kpigr14_obs_cnorigen x0
   LEFT JOIN BDDWESTGD.tmp093168_kpigr14_obs_cndestino1 x1 
   ON  x0.ind_presdj=x1.ind_presdj
  ) z
 GROUP BY 1,2,3,4
 ;

 *** Insert completed. No rows added. 
 *** Total elapsed time was 1 second.


+---------+---------+---------+---------+---------+---------+---------+---------+---------+---------+---------+---------+---------+-

 .IF ERRORCODE <> 0 THEN .GOTO error_shell;
+---------+---------+---------+---------+---------+---------+---------+---------+---------+---------+---------+---------+---------+-

-------------------------------------------------------------------------------------

    DELETE FROM BDDWEDQD.T11908DETKPITRIBINT 
    WHERE COD_KPI='K014042022'  AND FEC_CARGA=CURRENT_DATE;

 *** Delete completed. No rows removed. 
 *** Total elapsed time was 1 second.


+---------+---------+---------+---------+---------+---------+---------+---------+---------+---------+---------+---------+---------+-
    
    .IF ERRORCODE <> 0 THEN .GOTO error_shell;
+---------+---------+---------+---------+---------+---------+---------+---------+---------+---------+---------+---------+---------+-
    
 INSERT INTO BDDWEDQD.T11908DETKPITRIBINT 
 (COD_PER,IND_PRESDJ,COD_KPI,FEC_CARGA,CNT_REGORIGEN,CNT_REGIDESTINO)
 SELECT  '2022',z.ind_presdj,
         'K014042022',
         CURRENT_DATE,
         SUM(z.cant_origen),
         SUM(z.cant_destino)
 FROM
  (
   SELECT x0.ind_presdj,
          x0.cant_comp_destino1 AS cant_origen,
          coalesce(x1.cant_comp_destino2,0) AS cant_destino
   FROM BDDWESTGD.tmp093168_kpigr14_obs_cndestino1 x0
   LEFT JOIN BDDWESTGD.tmp093168_kpigr14_obs_cndestino2 x1 
   ON x0.ind_presdj=x1.ind_presdj
  ) z
 GROUP BY 1,2,3,4
 ;

 *** Insert completed. No rows added. 
 *** Total elapsed time was 1 second.


+---------+---------+---------+---------+---------+---------+---------+---------+---------+---------+---------+---------+---------+-

 .IF ERRORCODE <> 0 THEN .GOTO error_shell;
+---------+---------+---------+---------+---------+---------+---------+---------+---------+---------+---------+---------+---------+-


/*=============================================================================*/
/***********************Genera Detalle de Diferencias**************************/
/*=============================================================================*/ 

SELECT 1 FROM  dbc.TablesV WHERE databasename = 'BDDWESTGD' AND TableName = 'tmp093168_dif_K014032022';

 *** Query completed. No rows found. 
 *** Total elapsed time was 1 second.


+---------+---------+---------+---------+---------+---------+---------+---------+---------+---------+---------+---------+---------+-
.IF activitycount = 0 THEN .GOTO ok
.GOTO ok
+---------+---------+---------+---------+---------+---------+---------+---------+---------+---------+---------+---------+---------+-

DROP TABLE BDDWESTGD.tmp093168_dif_K014032022 ;
 *** Skipped.
+---------+---------+---------+---------+---------+---------+---------+---------+---------+---------+---------+---------+---------+-
.IF ERRORCODE <> 0 THEN .GOTO error_shell;
 *** Skipped.
+---------+---------+---------+---------+---------+---------+---------+---------+---------+---------+---------+---------+---------+-

.label ok;
+---------+---------+---------+---------+---------+---------+---------+---------+---------+---------+---------+---------+---------+-

    CREATE MULTISET TABLE BDDWESTGD.tmp093168_dif_K014032022 AS (
     SELECT DISTINCT 
   'K014032022' cod_kpi,
   y0.ann_ejercicio,
   y0.num_ruc,
   y0.ind_presdj,
   y0.num_ruc_emisor,
   y0.cod_tip_doc,
   y0.ser_doc,
   y0.num_doc
 

 FROM (
  SELECT   ann_ejercicio,
     num_ruc,
     ind_presdj,
     num_ruc_emisor,
     cod_tip_doc,
     ser_doc,
     num_doc
  FROM BDDWESTGD.tmp093168_kpi14_detcpeobs_tr
  EXCEPT ALL
  SELECT  ann_ejercicio,
   num_ruc,
   ind_presdj,
   num_doc_emisor,
   cod_tip_comprob,
   num_serie,
   num_comprob
  FROM BDDWESTGD.tmp093168_kpi14_detcpeobs_fv
 ) y0
 ) WITH DATA NO PRIMARY INDEX;

 *** Table has been created. 
 *** Total elapsed time was 1 second.


+---------+---------+---------+---------+---------+---------+---------+---------+---------+---------+---------+---------+---------+-

    .IF ERRORCODE <> 0 THEN .GOTO error_shell;
+---------+---------+---------+---------+---------+---------+---------+---------+---------+---------+---------+---------+---------+-

 .EXPORT FILE /work1/teradata/dat/093168/DIFF_K014032022_20221227.unl;
 *** Warning: No data format given. Assuming REPORT carries over.
 *** To reset export, type .EXPORT RESET
+---------+---------+---------+---------+---------+---------+---------+---------+---------+---------+---------+---------+---------+-

 LOCK ROW FOR ACCESS
 SELECT * FROM BDDWESTGD.tmp093168_dif_K014032022 ;

 *** Query completed. No rows found. 
 *** Total elapsed time was 1 second.


+---------+---------+---------+---------+---------+---------+---------+---------+---------+---------+---------+---------+---------+-

 .IF ERRORCODE <> 0 THEN .GOTO error_shell;
+---------+---------+---------+---------+---------+---------+---------+---------+---------+---------+---------+---------+---------+-

 .EXPORT RESET;
 *** Output returned to console.
+---------+---------+---------+---------+---------+---------+---------+---------+---------+---------+---------+---------+---------+-

SELECT 1 FROM  dbc.TablesV WHERE databasename = 'BDDWESTGD' AND TableName = 'tmp093168_dif_K014042022';

 *** Query completed. No rows found. 
 *** Total elapsed time was 1 second.


+---------+---------+---------+---------+---------+---------+---------+---------+---------+---------+---------+---------+---------+-
.IF activitycount = 0 THEN .GOTO ok
.GOTO ok
+---------+---------+---------+---------+---------+---------+---------+---------+---------+---------+---------+---------+---------+-

DROP TABLE BDDWESTGD.tmp093168_dif_K014042022 ;
 *** Skipped.
+---------+---------+---------+---------+---------+---------+---------+---------+---------+---------+---------+---------+---------+-
.IF ERRORCODE <> 0 THEN .GOTO error_shell;
 *** Skipped.
+---------+---------+---------+---------+---------+---------+---------+---------+---------+---------+---------+---------+---------+-

.label ok;
+---------+---------+---------+---------+---------+---------+---------+---------+---------+---------+---------+---------+---------+-
 

 CREATE MULTISET TABLE BDDWESTGD.tmp093168_dif_K014042022 AS (
 SELECT DISTINCT 
   'K014042022' cod_kpi,
   y0.ann_ejercicio,
   y0.num_ruc,
   y0.ind_presdj,
   y0.num_doc_emisor,
   y0.cod_tip_comprob,
   y0.num_serie,
   y0.num_comprob
 
 FROM (
     SELECT  ann_ejercicio,
   num_ruc,
   ind_presdj,
   num_doc_emisor,
   cod_tip_comprob,
   num_serie,
   num_comprob
  FROM BDDWESTGD.tmp093168_kpi14_detcpeobs_fv
  EXCEPT ALL
  SELECT  ann_ejercicio,
   num_ruc,
   ind_presdj,
   num_doc_emisor,
   cod_tip_comprob,
   num_serie,
   num_comprob
  FROM BDDWESTGD.tmp093168_kpi14_detcpeobs_mdb
 ) y0
    ) WITH DATA NO PRIMARY INDEX;

 *** Table has been created. 
 *** Total elapsed time was 1 second.


+---------+---------+---------+---------+---------+---------+---------+---------+---------+---------+---------+---------+---------+-

    .IF ERRORCODE <> 0 THEN .GOTO error_shell;
+---------+---------+---------+---------+---------+---------+---------+---------+---------+---------+---------+---------+---------+-

 .EXPORT FILE /work1/teradata/dat/093168/DIFF_K014042022_20221227.unl;
 *** Warning: No data format given. Assuming REPORT carries over.
 *** To reset export, type .EXPORT RESET
+---------+---------+---------+---------+---------+---------+---------+---------+---------+---------+---------+---------+---------+-

    LOCK ROW FOR ACCESS
 SELECT * FROM BDDWESTGD.tmp093168_dif_K014042022;

 *** Query completed. No rows found. 
 *** Total elapsed time was 1 second.


+---------+---------+---------+---------+---------+---------+---------+---------+---------+---------+---------+---------+---------+-

 .IF ERRORCODE <> 0 THEN .GOTO error_shell;
+---------+---------+---------+---------+---------+---------+---------+---------+---------+---------+---------+---------+---------+-

 .EXPORT RESET;
 *** Output returned to console.
+---------+---------+---------+---------+---------+---------+---------+---------+---------+---------+---------+---------+---------+-

/********************************************************************************/



SEL CURRENT_TIMESTAMP;

 *** Query completed. One row found. One column returned. 
 *** Total elapsed time was 1 second.

            Current TimeStamp(6)
2022-12-27 17:36:33.130000-05:00

+---------+---------+---------+---------+---------+---------+---------+---------+---------+---------+---------+---------+---------+-

    
LOGOFF;
 *** You are now logged off from the DBC.
+---------+---------+---------+---------+---------+---------+---------+---------+---------+---------+---------+---------+---------+-
QUIT 0;
 *** Exiting BTEQ...
 *** RC (return code) = 0 
  ***********************************************
  ***  J093168_KPIGRP14OBS   ***
  ***            TERMINO PROCESO OK           ***
  ***********************************************
